{"E:\\blibli\\final project\\dagoan.in (FE)\\dagoan.in\\src\\components\\MainHeader.vue": {"path":"E:\\blibli\\final project\\dagoan.in (FE)\\dagoan.in\\src\\components\\MainHeader.vue","statementMap":{"0":{"start":{"line":64,"column":0},"end":{"line":null,"column":-1}},"1":{"start":{"line":70,"column":0},"end":{"line":null,"column":-1}},"2":{"start":{"line":77,"column":0},"end":{"line":85,"column":0}},"3":{"start":{"line":78,"column":0},"end":{"line":null,"column":-1}},"4":{"start":{"line":79,"column":0},"end":{"line":null,"column":-1}},"5":{"start":{"line":80,"column":0},"end":{"line":null,"column":-1}},"6":{"start":{"line":88,"column":0},"end":{"line":null,"column":-1}},"7":{"start":{"line":95,"column":0},"end":{"line":103,"column":0}},"8":{"start":{"line":96,"column":0},"end":{"line":null,"column":-1}},"9":{"start":{"line":97,"column":0},"end":{"line":null,"column":-1}},"10":{"start":{"line":98,"column":0},"end":{"line":null,"column":-1}},"11":{"start":{"line":106,"column":0},"end":{"line":null,"column":-1}}},"fnMap":{"0":{"name":"(anonymous_1)","decl":{"start":{"line":77,"column":0},"end":{"line":null,"column":-1}},"loc":{"start":{"line":77,"column":0},"end":{"line":85,"column":0}}},"1":{"name":"(anonymous_2)","decl":{"start":{"line":95,"column":0},"end":{"line":null,"column":-1}},"loc":{"start":{"line":95,"column":0},"end":{"line":103,"column":0}}}},"branchMap":{"0":{"loc":{"start":{"line":71,"column":0},"end":{"line":null,"column":-1}},"type":"cond-expr","locations":[{"start":{"line":71,"column":0},"end":{"line":null,"column":-1}},{"start":{"line":71,"column":0},"end":{"line":null,"column":-1}}]},"1":{"loc":{"start":{"line":89,"column":0},"end":{"line":null,"column":-1}},"type":"cond-expr","locations":[{"start":{"line":89,"column":0},"end":{"line":null,"column":-1}},{"start":{"line":89,"column":0},"end":{"line":null,"column":-1}}]}},"s":{"0":0,"1":0,"2":0,"3":0,"4":0,"5":0,"6":0,"7":0,"8":0,"9":0,"10":0,"11":0},"f":{"0":0,"1":0},"b":{"0":[0,0],"1":[0,0]}}
,"E:\\blibli\\final project\\dagoan.in (FE)\\dagoan.in\\src\\components\\PlainHeader.vue": {"path":"E:\\blibli\\final project\\dagoan.in (FE)\\dagoan.in\\src\\components\\PlainHeader.vue","statementMap":{"0":{"start":{"line":17,"column":0},"end":{"line":null,"column":-1}}},"fnMap":{},"branchMap":{},"s":{"0":0},"f":{},"b":{}}
,"E:\\blibli\\final project\\dagoan.in (FE)\\dagoan.in\\src\\store\\index.js": {"path":"E:\\blibli\\final project\\dagoan.in (FE)\\dagoan.in\\src\\store\\index.js","statementMap":{"0":{"start":{"line":1,"column":0},"end":{"line":null,"column":-1}},"1":{"start":{"line":2,"column":0},"end":{"line":null,"column":-1}},"2":{"start":{"line":3,"column":0},"end":{"line":null,"column":-1}},"3":{"start":{"line":5,"column":0},"end":{"line":null,"column":-1}},"4":{"start":{"line":7,"column":16},"end":{"line":7,"column":0}},"5":{"start":{"line":14,"column":0},"end":{"line":null,"column":-1}},"6":{"start":{"line":15,"column":2},"end":{"line":17,"column":3}},"7":{"start":{"line":16,"column":4},"end":{"line":null,"column":-1}},"8":{"start":{"line":18,"column":2},"end":{"line":null,"column":-1}}},"fnMap":{"0":{"name":"(anonymous_0)","decl":{"start":{"line":14,"column":24},"end":{"line":14,"column":33}},"loc":{"start":{"line":14,"column":43},"end":{"line":14,"column":0}}}},"branchMap":{},"s":{"0":0,"1":0,"2":0,"3":0,"4":0,"5":0,"6":0,"7":0,"8":0},"f":{"0":0},"b":{}}
,"E:\\blibli\\final project\\dagoan.in (FE)\\dagoan.in\\src\\store\\main.js": {"path":"E:\\blibli\\final project\\dagoan.in (FE)\\dagoan.in\\src\\store\\main.js","statementMap":{"0":{"start":{"line":1,"column":0},"end":{"line":null,"column":-1}},"1":{"start":{"line":2,"column":0},"end":{"line":null,"column":-1}},"2":{"start":{"line":4,"column":21},"end":{"line":4,"column":7}},"3":{"start":{"line":22,"column":25},"end":{"line":22,"column":7}},"4":{"start":{"line":24,"column":4},"end":{"line":null,"column":-1}},"5":{"start":{"line":27,"column":4},"end":{"line":null,"column":-1}},"6":{"start":{"line":30,"column":4},"end":{"line":null,"column":-1}},"7":{"start":{"line":33,"column":4},"end":{"line":null,"column":-1}},"8":{"start":{"line":36,"column":4},"end":{"line":null,"column":-1}},"9":{"start":{"line":39,"column":4},"end":{"line":null,"column":-1}},"10":{"start":{"line":42,"column":4},"end":{"line":null,"column":-1}},"11":{"start":{"line":45,"column":4},"end":{"line":null,"column":-1}},"12":{"start":{"line":49,"column":4},"end":{"line":null,"column":-1}},"13":{"start":{"line":52,"column":4},"end":{"line":null,"column":-1}},"14":{"start":{"line":55,"column":4},"end":{"line":null,"column":-1}},"15":{"start":{"line":58,"column":4},"end":{"line":null,"column":-1}},"16":{"start":{"line":61,"column":4},"end":{"line":null,"column":-1}},"17":{"start":{"line":64,"column":4},"end":{"line":null,"column":-1}},"18":{"start":{"line":67,"column":4},"end":{"line":null,"column":-1}},"19":{"start":{"line":70,"column":4},"end":{"line":null,"column":-1}},"20":{"start":{"line":74,"column":23},"end":{"line":74,"column":7}},"21":{"start":{"line":76,"column":4},"end":{"line":null,"column":-1}},"22":{"start":{"line":80,"column":4},"end":{"line":null,"column":-1}},"23":{"start":{"line":81,"column":6},"end":{"line":null,"column":-1}},"24":{"start":{"line":82,"column":6},"end":{"line":null,"column":-1}},"25":{"start":{"line":84,"column":6},"end":{"line":null,"column":-1}},"26":{"start":{"line":88,"column":4},"end":{"line":null,"column":-1}},"27":{"start":{"line":89,"column":6},"end":{"line":null,"column":-1}},"28":{"start":{"line":90,"column":6},"end":{"line":null,"column":-1}},"29":{"start":{"line":92,"column":6},"end":{"line":null,"column":-1}},"30":{"start":{"line":96,"column":4},"end":{"line":null,"column":-1}},"31":{"start":{"line":97,"column":6},"end":{"line":null,"column":-1}},"32":{"start":{"line":98,"column":8},"end":{"line":null,"column":-1}},"33":{"start":{"line":99,"column":8},"end":{"line":99,"column":15}},"34":{"start":{"line":104,"column":4},"end":{"line":null,"column":-1}},"35":{"start":{"line":105,"column":6},"end":{"line":null,"column":-1}},"36":{"start":{"line":106,"column":8},"end":{"line":null,"column":-1}},"37":{"start":{"line":107,"column":8},"end":{"line":107,"column":15}},"38":{"start":{"line":121,"column":4},"end":{"line":null,"column":-1}},"39":{"start":{"line":122,"column":6},"end":{"line":null,"column":-1}},"40":{"start":{"line":123,"column":8},"end":{"line":null,"column":-1}},"41":{"start":{"line":124,"column":8},"end":{"line":124,"column":15}},"42":{"start":{"line":130,"column":4},"end":{"line":null,"column":-1}},"43":{"start":{"line":131,"column":6},"end":{"line":null,"column":-1}},"44":{"start":{"line":132,"column":6},"end":{"line":null,"column":-1}},"45":{"start":{"line":134,"column":6},"end":{"line":null,"column":-1}},"46":{"start":{"line":138,"column":4},"end":{"line":null,"column":-1}},"47":{"start":{"line":139,"column":6},"end":{"line":null,"column":-1}},"48":{"start":{"line":140,"column":8},"end":{"line":null,"column":-1}},"49":{"start":{"line":141,"column":8},"end":{"line":141,"column":15}},"50":{"start":{"line":146,"column":4},"end":{"line":null,"column":-1}},"51":{"start":{"line":147,"column":6},"end":{"line":null,"column":-1}},"52":{"start":{"line":148,"column":8},"end":{"line":null,"column":-1}},"53":{"start":{"line":149,"column":8},"end":{"line":149,"column":15}},"54":{"start":{"line":154,"column":4},"end":{"line":null,"column":-1}},"55":{"start":{"line":155,"column":6},"end":{"line":null,"column":-1}},"56":{"start":{"line":156,"column":8},"end":{"line":null,"column":-1}},"57":{"start":{"line":157,"column":8},"end":{"line":157,"column":15}},"58":{"start":{"line":162,"column":4},"end":{"line":null,"column":-1}},"59":{"start":{"line":163,"column":6},"end":{"line":null,"column":-1}},"60":{"start":{"line":164,"column":8},"end":{"line":null,"column":-1}},"61":{"start":{"line":165,"column":8},"end":{"line":165,"column":15}},"62":{"start":{"line":169,"column":39},"end":{"line":74,"column":23}},"63":{"start":{"line":170,"column":23},"end":{"line":170,"column":4}},"64":{"start":{"line":171,"column":6},"end":{"line":null,"column":-1}},"65":{"start":{"line":172,"column":6},"end":{"line":null,"column":-1}},"66":{"start":{"line":173,"column":6},"end":{"line":null,"column":-1}},"67":{"start":{"line":176,"column":21},"end":{"line":176,"column":4}},"68":{"start":{"line":177,"column":6},"end":{"line":null,"column":-1}},"69":{"start":{"line":178,"column":6},"end":{"line":null,"column":-1}},"70":{"start":{"line":179,"column":6},"end":{"line":null,"column":-1}},"71":{"start":{"line":181,"column":4},"end":{"line":null,"column":-1}},"72":{"start":{"line":183,"column":4},"end":{"line":null,"column":-1}},"73":{"start":{"line":187,"column":4},"end":{"line":null,"column":-1}},"74":{"start":{"line":188,"column":6},"end":{"line":null,"column":-1}},"75":{"start":{"line":190,"column":6},"end":{"line":null,"column":-1}},"76":{"start":{"line":194,"column":4},"end":{"line":null,"column":-1}},"77":{"start":{"line":195,"column":6},"end":{"line":null,"column":-1}},"78":{"start":{"line":196,"column":6},"end":{"line":null,"column":-1}},"79":{"start":{"line":198,"column":6},"end":{"line":null,"column":-1}},"80":{"start":{"line":202,"column":4},"end":{"line":null,"column":-1}},"81":{"start":{"line":203,"column":6},"end":{"line":null,"column":-1}},"82":{"start":{"line":204,"column":6},"end":{"line":null,"column":-1}},"83":{"start":{"line":206,"column":6},"end":{"line":null,"column":-1}},"84":{"start":{"line":210,"column":4},"end":{"line":null,"column":-1}},"85":{"start":{"line":211,"column":6},"end":{"line":null,"column":-1}},"86":{"start":{"line":212,"column":6},"end":{"line":210,"column":28}},"87":{"start":{"line":213,"column":6},"end":{"line":210,"column":28}},"88":{"start":{"line":215,"column":6},"end":{"line":null,"column":-1}},"89":{"start":{"line":219,"column":4},"end":{"line":null,"column":-1}},"90":{"start":{"line":220,"column":6},"end":{"line":null,"column":-1}},"91":{"start":{"line":221,"column":6},"end":{"line":null,"column":-1}},"92":{"start":{"line":223,"column":6},"end":{"line":null,"column":-1}},"93":{"start":{"line":227,"column":4},"end":{"line":null,"column":-1}},"94":{"start":{"line":228,"column":6},"end":{"line":null,"column":-1}},"95":{"start":{"line":229,"column":6},"end":{"line":null,"column":-1}},"96":{"start":{"line":231,"column":6},"end":{"line":null,"column":-1}},"97":{"start":{"line":235,"column":4},"end":{"line":null,"column":-1}},"98":{"start":{"line":236,"column":6},"end":{"line":null,"column":-1}},"99":{"start":{"line":237,"column":6},"end":{"line":null,"column":-1}},"100":{"start":{"line":239,"column":6},"end":{"line":null,"column":-1}},"101":{"start":{"line":243,"column":4},"end":{"line":null,"column":-1}},"102":{"start":{"line":244,"column":6},"end":{"line":null,"column":-1}},"103":{"start":{"line":245,"column":6},"end":{"line":null,"column":-1}},"104":{"start":{"line":247,"column":6},"end":{"line":null,"column":-1}},"105":{"start":{"line":251,"column":4},"end":{"line":null,"column":-1}},"106":{"start":{"line":252,"column":6},"end":{"line":null,"column":-1}},"107":{"start":{"line":254,"column":6},"end":{"line":null,"column":-1}},"108":{"start":{"line":259,"column":4},"end":{"line":null,"column":-1}},"109":{"start":{"line":260,"column":6},"end":{"line":null,"column":-1}},"110":{"start":{"line":262,"column":6},"end":{"line":null,"column":-1}},"111":{"start":{"line":266,"column":4},"end":{"line":null,"column":-1}},"112":{"start":{"line":267,"column":6},"end":{"line":null,"column":-1}},"113":{"start":{"line":269,"column":6},"end":{"line":null,"column":-1}},"114":{"start":{"line":273,"column":4},"end":{"line":null,"column":-1}},"115":{"start":{"line":274,"column":6},"end":{"line":null,"column":-1}},"116":{"start":{"line":276,"column":6},"end":{"line":null,"column":-1}},"117":{"start":{"line":280,"column":4},"end":{"line":null,"column":-1}},"118":{"start":{"line":281,"column":6},"end":{"line":null,"column":-1}},"119":{"start":{"line":283,"column":6},"end":{"line":null,"column":-1}},"120":{"start":{"line":287,"column":4},"end":{"line":null,"column":-1}},"121":{"start":{"line":288,"column":6},"end":{"line":null,"column":-1}},"122":{"start":{"line":290,"column":6},"end":{"line":null,"column":-1}},"123":{"start":{"line":294,"column":4},"end":{"line":null,"column":-1}},"124":{"start":{"line":295,"column":6},"end":{"line":null,"column":-1}},"125":{"start":{"line":297,"column":6},"end":{"line":null,"column":-1}},"126":{"start":{"line":301,"column":4},"end":{"line":null,"column":-1}},"127":{"start":{"line":302,"column":6},"end":{"line":null,"column":-1}},"128":{"start":{"line":304,"column":6},"end":{"line":null,"column":-1}},"129":{"start":{"line":308,"column":4},"end":{"line":null,"column":-1}},"130":{"start":{"line":309,"column":6},"end":{"line":null,"column":-1}},"131":{"start":{"line":311,"column":6},"end":{"line":null,"column":-1}},"132":{"start":{"line":316,"column":4},"end":{"line":null,"column":-1}},"133":{"start":{"line":317,"column":6},"end":{"line":null,"column":-1}},"134":{"start":{"line":319,"column":6},"end":{"line":null,"column":-1}},"135":{"start":{"line":323,"column":4},"end":{"line":null,"column":-1}},"136":{"start":{"line":324,"column":6},"end":{"line":null,"column":-1}},"137":{"start":{"line":326,"column":6},"end":{"line":null,"column":-1}},"138":{"start":{"line":331,"column":23},"end":{"line":331,"column":7}},"139":{"start":{"line":333,"column":4},"end":{"line":null,"column":-1}},"140":{"start":{"line":336,"column":4},"end":{"line":null,"column":-1}},"141":{"start":{"line":339,"column":4},"end":{"line":null,"column":-1}},"142":{"start":{"line":342,"column":4},"end":{"line":null,"column":-1}},"143":{"start":{"line":345,"column":4},"end":{"line":null,"column":-1}},"144":{"start":{"line":348,"column":4},"end":{"line":null,"column":-1}},"145":{"start":{"line":351,"column":4},"end":{"line":null,"column":-1}},"146":{"start":{"line":354,"column":4},"end":{"line":null,"column":-1}},"147":{"start":{"line":358,"column":4},"end":{"line":null,"column":-1}},"148":{"start":{"line":361,"column":4},"end":{"line":null,"column":-1}},"149":{"start":{"line":364,"column":4},"end":{"line":null,"column":-1}},"150":{"start":{"line":367,"column":4},"end":{"line":null,"column":-1}},"151":{"start":{"line":370,"column":4},"end":{"line":null,"column":-1}},"152":{"start":{"line":373,"column":4},"end":{"line":null,"column":-1}}},"fnMap":{"0":{"name":"(anonymous_0)","decl":{"start":{"line":79,"column":17},"end":{"line":79,"column":18}},"loc":{"start":{"line":79,"column":63},"end":{"line":74,"column":23}}},"1":{"name":"(anonymous_1)","decl":{"start":{"line":80,"column":22},"end":{"line":80,"column":29}},"loc":{"start":{"line":80,"column":34},"end":{"line":80,"column":4}}},"2":{"name":"(anonymous_2)","decl":{"start":{"line":83,"column":14},"end":{"line":83,"column":12}},"loc":{"start":{"line":83,"column":22},"end":{"line":80,"column":4}}},"3":{"name":"(anonymous_3)","decl":{"start":{"line":87,"column":22},"end":{"line":87,"column":23}},"loc":{"start":{"line":87,"column":68},"end":{"line":74,"column":23}}},"4":{"name":"(anonymous_4)","decl":{"start":{"line":88,"column":27},"end":{"line":88,"column":34}},"loc":{"start":{"line":88,"column":39},"end":{"line":88,"column":4}}},"5":{"name":"(anonymous_5)","decl":{"start":{"line":91,"column":14},"end":{"line":91,"column":12}},"loc":{"start":{"line":91,"column":22},"end":{"line":88,"column":4}}},"6":{"name":"(anonymous_6)","decl":{"start":{"line":96,"column":23},"end":{"line":96,"column":24}},"loc":{"start":{"line":96,"column":44},"end":{"line":96,"column":11}}},"7":{"name":"(anonymous_7)","decl":{"start":{"line":97,"column":26},"end":{"line":97,"column":33}},"loc":{"start":{"line":97,"column":38},"end":{"line":97,"column":6}}},"8":{"name":"(anonymous_8)","decl":{"start":{"line":104,"column":23},"end":{"line":104,"column":24}},"loc":{"start":{"line":104,"column":44},"end":{"line":104,"column":11}}},"9":{"name":"(anonymous_9)","decl":{"start":{"line":105,"column":24},"end":{"line":105,"column":31}},"loc":{"start":{"line":105,"column":36},"end":{"line":105,"column":6}}},"10":{"name":"(anonymous_10)","decl":{"start":{"line":121,"column":23},"end":{"line":121,"column":24}},"loc":{"start":{"line":121,"column":44},"end":{"line":121,"column":11}}},"11":{"name":"(anonymous_11)","decl":{"start":{"line":122,"column":22},"end":{"line":122,"column":29}},"loc":{"start":{"line":122,"column":34},"end":{"line":122,"column":6}}},"12":{"name":"(anonymous_12)","decl":{"start":{"line":129,"column":19},"end":{"line":129,"column":20}},"loc":{"start":{"line":129,"column":65},"end":{"line":74,"column":23}}},"13":{"name":"(anonymous_13)","decl":{"start":{"line":130,"column":22},"end":{"line":130,"column":29}},"loc":{"start":{"line":130,"column":34},"end":{"line":130,"column":4}}},"14":{"name":"(anonymous_14)","decl":{"start":{"line":133,"column":14},"end":{"line":133,"column":12}},"loc":{"start":{"line":133,"column":22},"end":{"line":130,"column":4}}},"15":{"name":"(anonymous_15)","decl":{"start":{"line":138,"column":23},"end":{"line":138,"column":24}},"loc":{"start":{"line":138,"column":44},"end":{"line":138,"column":11}}},"16":{"name":"(anonymous_16)","decl":{"start":{"line":139,"column":22},"end":{"line":139,"column":29}},"loc":{"start":{"line":139,"column":34},"end":{"line":139,"column":6}}},"17":{"name":"(anonymous_17)","decl":{"start":{"line":146,"column":23},"end":{"line":146,"column":24}},"loc":{"start":{"line":146,"column":44},"end":{"line":146,"column":11}}},"18":{"name":"(anonymous_18)","decl":{"start":{"line":147,"column":28},"end":{"line":147,"column":35}},"loc":{"start":{"line":147,"column":40},"end":{"line":147,"column":6}}},"19":{"name":"(anonymous_19)","decl":{"start":{"line":154,"column":23},"end":{"line":154,"column":24}},"loc":{"start":{"line":154,"column":44},"end":{"line":154,"column":11}}},"20":{"name":"(anonymous_20)","decl":{"start":{"line":155,"column":23},"end":{"line":155,"column":30}},"loc":{"start":{"line":155,"column":35},"end":{"line":155,"column":6}}},"21":{"name":"(anonymous_21)","decl":{"start":{"line":162,"column":23},"end":{"line":162,"column":24}},"loc":{"start":{"line":162,"column":44},"end":{"line":162,"column":11}}},"22":{"name":"(anonymous_22)","decl":{"start":{"line":163,"column":24},"end":{"line":163,"column":31}},"loc":{"start":{"line":163,"column":36},"end":{"line":163,"column":6}}},"23":{"name":"(anonymous_23)","decl":{"start":{"line":169,"column":23},"end":{"line":169,"column":24}},"loc":{"start":{"line":169,"column":39},"end":{"line":74,"column":23}}},"24":{"name":"(anonymous_24)","decl":{"start":{"line":169,"column":51},"end":{"line":169,"column":52}},"loc":{"start":{"line":169,"column":72},"end":{"line":169,"column":39}}},"25":{"name":"(anonymous_25)","decl":{"start":{"line":170,"column":23},"end":{"line":170,"column":21}},"loc":{"start":{"line":170,"column":36},"end":{"line":170,"column":4}}},"26":{"name":"(anonymous_26)","decl":{"start":{"line":176,"column":21},"end":{"line":176,"column":19}},"loc":{"start":{"line":176,"column":31},"end":{"line":176,"column":4}}},"27":{"name":"(anonymous_27)","decl":{"start":{"line":186,"column":12},"end":{"line":186,"column":13}},"loc":{"start":{"line":186,"column":58},"end":{"line":74,"column":23}}},"28":{"name":"(anonymous_28)","decl":{"start":{"line":187,"column":17},"end":{"line":187,"column":24}},"loc":{"start":{"line":187,"column":29},"end":{"line":187,"column":4}}},"29":{"name":"(anonymous_29)","decl":{"start":{"line":189,"column":14},"end":{"line":189,"column":12}},"loc":{"start":{"line":189,"column":22},"end":{"line":187,"column":4}}},"30":{"name":"(anonymous_30)","decl":{"start":{"line":193,"column":16},"end":{"line":193,"column":17}},"loc":{"start":{"line":193,"column":62},"end":{"line":74,"column":23}}},"31":{"name":"(anonymous_31)","decl":{"start":{"line":194,"column":21},"end":{"line":194,"column":28}},"loc":{"start":{"line":194,"column":33},"end":{"line":194,"column":4}}},"32":{"name":"(anonymous_32)","decl":{"start":{"line":197,"column":14},"end":{"line":197,"column":12}},"loc":{"start":{"line":197,"column":22},"end":{"line":194,"column":4}}},"33":{"name":"(anonymous_33)","decl":{"start":{"line":201,"column":13},"end":{"line":201,"column":14}},"loc":{"start":{"line":201,"column":59},"end":{"line":74,"column":23}}},"34":{"name":"(anonymous_34)","decl":{"start":{"line":202,"column":19},"end":{"line":202,"column":26}},"loc":{"start":{"line":202,"column":31},"end":{"line":202,"column":4}}},"35":{"name":"(anonymous_35)","decl":{"start":{"line":205,"column":14},"end":{"line":205,"column":12}},"loc":{"start":{"line":205,"column":22},"end":{"line":202,"column":4}}},"36":{"name":"(anonymous_36)","decl":{"start":{"line":209,"column":17},"end":{"line":209,"column":18}},"loc":{"start":{"line":209,"column":63},"end":{"line":74,"column":23}}},"37":{"name":"(anonymous_37)","decl":{"start":{"line":210,"column":16},"end":{"line":210,"column":23}},"loc":{"start":{"line":210,"column":28},"end":{"line":210,"column":4}}},"38":{"name":"(anonymous_38)","decl":{"start":{"line":214,"column":14},"end":{"line":214,"column":12}},"loc":{"start":{"line":214,"column":22},"end":{"line":210,"column":4}}},"39":{"name":"(anonymous_39)","decl":{"start":{"line":218,"column":16},"end":{"line":218,"column":17}},"loc":{"start":{"line":218,"column":62},"end":{"line":74,"column":23}}},"40":{"name":"(anonymous_40)","decl":{"start":{"line":219,"column":21},"end":{"line":219,"column":28}},"loc":{"start":{"line":219,"column":33},"end":{"line":219,"column":4}}},"41":{"name":"(anonymous_41)","decl":{"start":{"line":222,"column":14},"end":{"line":222,"column":12}},"loc":{"start":{"line":222,"column":22},"end":{"line":219,"column":4}}},"42":{"name":"(anonymous_42)","decl":{"start":{"line":226,"column":15},"end":{"line":226,"column":16}},"loc":{"start":{"line":226,"column":61},"end":{"line":74,"column":23}}},"43":{"name":"(anonymous_43)","decl":{"start":{"line":227,"column":23},"end":{"line":227,"column":30}},"loc":{"start":{"line":227,"column":35},"end":{"line":227,"column":4}}},"44":{"name":"(anonymous_44)","decl":{"start":{"line":230,"column":14},"end":{"line":230,"column":12}},"loc":{"start":{"line":230,"column":22},"end":{"line":227,"column":4}}},"45":{"name":"(anonymous_45)","decl":{"start":{"line":234,"column":16},"end":{"line":234,"column":17}},"loc":{"start":{"line":234,"column":62},"end":{"line":74,"column":23}}},"46":{"name":"(anonymous_46)","decl":{"start":{"line":235,"column":21},"end":{"line":235,"column":28}},"loc":{"start":{"line":235,"column":33},"end":{"line":235,"column":4}}},"47":{"name":"(anonymous_47)","decl":{"start":{"line":238,"column":14},"end":{"line":238,"column":12}},"loc":{"start":{"line":238,"column":22},"end":{"line":235,"column":4}}},"48":{"name":"(anonymous_48)","decl":{"start":{"line":242,"column":21},"end":{"line":242,"column":22}},"loc":{"start":{"line":242,"column":67},"end":{"line":74,"column":23}}},"49":{"name":"(anonymous_49)","decl":{"start":{"line":243,"column":19},"end":{"line":243,"column":26}},"loc":{"start":{"line":243,"column":31},"end":{"line":243,"column":4}}},"50":{"name":"(anonymous_50)","decl":{"start":{"line":246,"column":14},"end":{"line":246,"column":12}},"loc":{"start":{"line":246,"column":22},"end":{"line":243,"column":4}}},"51":{"name":"(anonymous_51)","decl":{"start":{"line":250,"column":13},"end":{"line":250,"column":14}},"loc":{"start":{"line":250,"column":59},"end":{"line":74,"column":23}}},"52":{"name":"(anonymous_52)","decl":{"start":{"line":251,"column":18},"end":{"line":251,"column":25}},"loc":{"start":{"line":251,"column":30},"end":{"line":251,"column":4}}},"53":{"name":"(anonymous_53)","decl":{"start":{"line":253,"column":14},"end":{"line":253,"column":12}},"loc":{"start":{"line":253,"column":22},"end":{"line":251,"column":4}}},"54":{"name":"(anonymous_54)","decl":{"start":{"line":258,"column":16},"end":{"line":258,"column":17}},"loc":{"start":{"line":258,"column":62},"end":{"line":74,"column":23}}},"55":{"name":"(anonymous_55)","decl":{"start":{"line":259,"column":21},"end":{"line":259,"column":28}},"loc":{"start":{"line":259,"column":33},"end":{"line":259,"column":4}}},"56":{"name":"(anonymous_56)","decl":{"start":{"line":261,"column":14},"end":{"line":261,"column":12}},"loc":{"start":{"line":261,"column":22},"end":{"line":259,"column":4}}},"57":{"name":"(anonymous_57)","decl":{"start":{"line":265,"column":18},"end":{"line":265,"column":19}},"loc":{"start":{"line":265,"column":64},"end":{"line":74,"column":23}}},"58":{"name":"(anonymous_58)","decl":{"start":{"line":266,"column":23},"end":{"line":266,"column":30}},"loc":{"start":{"line":266,"column":35},"end":{"line":266,"column":4}}},"59":{"name":"(anonymous_59)","decl":{"start":{"line":268,"column":14},"end":{"line":268,"column":12}},"loc":{"start":{"line":268,"column":22},"end":{"line":266,"column":4}}},"60":{"name":"(anonymous_60)","decl":{"start":{"line":272,"column":20},"end":{"line":272,"column":21}},"loc":{"start":{"line":272,"column":66},"end":{"line":74,"column":23}}},"61":{"name":"(anonymous_61)","decl":{"start":{"line":273,"column":25},"end":{"line":273,"column":32}},"loc":{"start":{"line":273,"column":37},"end":{"line":273,"column":4}}},"62":{"name":"(anonymous_62)","decl":{"start":{"line":275,"column":14},"end":{"line":275,"column":12}},"loc":{"start":{"line":275,"column":22},"end":{"line":273,"column":4}}},"63":{"name":"(anonymous_63)","decl":{"start":{"line":279,"column":16},"end":{"line":279,"column":17}},"loc":{"start":{"line":279,"column":62},"end":{"line":74,"column":23}}},"64":{"name":"(anonymous_64)","decl":{"start":{"line":280,"column":21},"end":{"line":280,"column":28}},"loc":{"start":{"line":280,"column":33},"end":{"line":280,"column":4}}},"65":{"name":"(anonymous_65)","decl":{"start":{"line":282,"column":14},"end":{"line":282,"column":12}},"loc":{"start":{"line":282,"column":22},"end":{"line":280,"column":4}}},"66":{"name":"(anonymous_66)","decl":{"start":{"line":286,"column":14},"end":{"line":286,"column":15}},"loc":{"start":{"line":286,"column":60},"end":{"line":74,"column":23}}},"67":{"name":"(anonymous_67)","decl":{"start":{"line":287,"column":17},"end":{"line":287,"column":24}},"loc":{"start":{"line":287,"column":29},"end":{"line":287,"column":4}}},"68":{"name":"(anonymous_68)","decl":{"start":{"line":289,"column":14},"end":{"line":289,"column":12}},"loc":{"start":{"line":289,"column":22},"end":{"line":287,"column":4}}},"69":{"name":"(anonymous_69)","decl":{"start":{"line":293,"column":17},"end":{"line":293,"column":18}},"loc":{"start":{"line":293,"column":63},"end":{"line":74,"column":23}}},"70":{"name":"(anonymous_70)","decl":{"start":{"line":294,"column":30},"end":{"line":294,"column":37}},"loc":{"start":{"line":294,"column":42},"end":{"line":294,"column":4}}},"71":{"name":"(anonymous_71)","decl":{"start":{"line":296,"column":14},"end":{"line":296,"column":12}},"loc":{"start":{"line":296,"column":22},"end":{"line":294,"column":4}}},"72":{"name":"(anonymous_72)","decl":{"start":{"line":300,"column":17},"end":{"line":300,"column":18}},"loc":{"start":{"line":300,"column":63},"end":{"line":74,"column":23}}},"73":{"name":"(anonymous_73)","decl":{"start":{"line":301,"column":24},"end":{"line":301,"column":31}},"loc":{"start":{"line":301,"column":36},"end":{"line":301,"column":4}}},"74":{"name":"(anonymous_74)","decl":{"start":{"line":303,"column":14},"end":{"line":303,"column":12}},"loc":{"start":{"line":303,"column":22},"end":{"line":301,"column":4}}},"75":{"name":"(anonymous_75)","decl":{"start":{"line":307,"column":17},"end":{"line":307,"column":18}},"loc":{"start":{"line":307,"column":63},"end":{"line":74,"column":23}}},"76":{"name":"(anonymous_76)","decl":{"start":{"line":308,"column":24},"end":{"line":308,"column":31}},"loc":{"start":{"line":308,"column":36},"end":{"line":308,"column":4}}},"77":{"name":"(anonymous_77)","decl":{"start":{"line":310,"column":14},"end":{"line":310,"column":12}},"loc":{"start":{"line":310,"column":22},"end":{"line":308,"column":4}}},"78":{"name":"(anonymous_78)","decl":{"start":{"line":315,"column":17},"end":{"line":315,"column":18}},"loc":{"start":{"line":315,"column":63},"end":{"line":74,"column":23}}},"79":{"name":"(anonymous_79)","decl":{"start":{"line":316,"column":25},"end":{"line":316,"column":32}},"loc":{"start":{"line":316,"column":37},"end":{"line":316,"column":4}}},"80":{"name":"(anonymous_80)","decl":{"start":{"line":318,"column":14},"end":{"line":318,"column":12}},"loc":{"start":{"line":318,"column":22},"end":{"line":316,"column":4}}},"81":{"name":"(anonymous_81)","decl":{"start":{"line":322,"column":16},"end":{"line":322,"column":17}},"loc":{"start":{"line":322,"column":62},"end":{"line":328,"column":3}}},"82":{"name":"(anonymous_82)","decl":{"start":{"line":323,"column":21},"end":{"line":323,"column":28}},"loc":{"start":{"line":323,"column":33},"end":{"line":323,"column":4}}},"83":{"name":"(anonymous_83)","decl":{"start":{"line":325,"column":14},"end":{"line":325,"column":12}},"loc":{"start":{"line":325,"column":22},"end":{"line":323,"column":4}}}},"branchMap":{"0":{"loc":{"start":{"line":79,"column":56},"end":{"line":79,"column":17}},"type":"default-arg","locations":[{"start":{"line":79,"column":56},"end":{"line":79,"column":17}}]},"1":{"loc":{"start":{"line":82,"column":6},"end":{"line":82,"column":13}},"type":"binary-expr","locations":[{"start":{"line":82,"column":6},"end":{"line":82,"column":13}},{"start":{"line":82,"column":17},"end":{"line":82,"column":6}}]},"2":{"loc":{"start":{"line":84,"column":6},"end":{"line":84,"column":10}},"type":"binary-expr","locations":[{"start":{"line":84,"column":6},"end":{"line":84,"column":10}},{"start":{"line":84,"column":14},"end":{"line":84,"column":6}}]},"3":{"loc":{"start":{"line":87,"column":61},"end":{"line":87,"column":22}},"type":"default-arg","locations":[{"start":{"line":87,"column":61},"end":{"line":87,"column":22}}]},"4":{"loc":{"start":{"line":90,"column":6},"end":{"line":90,"column":13}},"type":"binary-expr","locations":[{"start":{"line":90,"column":6},"end":{"line":90,"column":13}},{"start":{"line":90,"column":17},"end":{"line":90,"column":6}}]},"5":{"loc":{"start":{"line":92,"column":6},"end":{"line":92,"column":10}},"type":"binary-expr","locations":[{"start":{"line":92,"column":6},"end":{"line":92,"column":10}},{"start":{"line":92,"column":14},"end":{"line":92,"column":6}}]},"6":{"loc":{"start":{"line":129,"column":58},"end":{"line":129,"column":19}},"type":"default-arg","locations":[{"start":{"line":129,"column":58},"end":{"line":129,"column":19}}]},"7":{"loc":{"start":{"line":132,"column":6},"end":{"line":132,"column":13}},"type":"binary-expr","locations":[{"start":{"line":132,"column":6},"end":{"line":132,"column":13}},{"start":{"line":132,"column":17},"end":{"line":132,"column":6}}]},"8":{"loc":{"start":{"line":134,"column":6},"end":{"line":134,"column":10}},"type":"binary-expr","locations":[{"start":{"line":134,"column":6},"end":{"line":134,"column":10}},{"start":{"line":134,"column":14},"end":{"line":134,"column":6}}]},"9":{"loc":{"start":{"line":186,"column":51},"end":{"line":186,"column":12}},"type":"default-arg","locations":[{"start":{"line":186,"column":51},"end":{"line":186,"column":12}}]},"10":{"loc":{"start":{"line":188,"column":6},"end":{"line":188,"column":13}},"type":"binary-expr","locations":[{"start":{"line":188,"column":6},"end":{"line":188,"column":13}},{"start":{"line":188,"column":17},"end":{"line":188,"column":6}}]},"11":{"loc":{"start":{"line":190,"column":6},"end":{"line":190,"column":10}},"type":"binary-expr","locations":[{"start":{"line":190,"column":6},"end":{"line":190,"column":10}},{"start":{"line":190,"column":14},"end":{"line":190,"column":6}}]},"12":{"loc":{"start":{"line":193,"column":55},"end":{"line":193,"column":16}},"type":"default-arg","locations":[{"start":{"line":193,"column":55},"end":{"line":193,"column":16}}]},"13":{"loc":{"start":{"line":196,"column":6},"end":{"line":196,"column":13}},"type":"binary-expr","locations":[{"start":{"line":196,"column":6},"end":{"line":196,"column":13}},{"start":{"line":196,"column":17},"end":{"line":196,"column":6}}]},"14":{"loc":{"start":{"line":198,"column":6},"end":{"line":198,"column":10}},"type":"binary-expr","locations":[{"start":{"line":198,"column":6},"end":{"line":198,"column":10}},{"start":{"line":198,"column":14},"end":{"line":198,"column":6}}]},"15":{"loc":{"start":{"line":201,"column":52},"end":{"line":201,"column":13}},"type":"default-arg","locations":[{"start":{"line":201,"column":52},"end":{"line":201,"column":13}}]},"16":{"loc":{"start":{"line":204,"column":6},"end":{"line":204,"column":13}},"type":"binary-expr","locations":[{"start":{"line":204,"column":6},"end":{"line":204,"column":13}},{"start":{"line":204,"column":17},"end":{"line":204,"column":6}}]},"17":{"loc":{"start":{"line":206,"column":6},"end":{"line":206,"column":10}},"type":"binary-expr","locations":[{"start":{"line":206,"column":6},"end":{"line":206,"column":10}},{"start":{"line":206,"column":14},"end":{"line":206,"column":6}}]},"18":{"loc":{"start":{"line":209,"column":56},"end":{"line":209,"column":17}},"type":"default-arg","locations":[{"start":{"line":209,"column":56},"end":{"line":209,"column":17}}]},"19":{"loc":{"start":{"line":211,"column":6},"end":{"line":211,"column":13}},"type":"binary-expr","locations":[{"start":{"line":211,"column":6},"end":{"line":211,"column":13}},{"start":{"line":211,"column":17},"end":{"line":211,"column":6}}]},"20":{"loc":{"start":{"line":215,"column":6},"end":{"line":215,"column":10}},"type":"binary-expr","locations":[{"start":{"line":215,"column":6},"end":{"line":215,"column":10}},{"start":{"line":215,"column":14},"end":{"line":215,"column":6}}]},"21":{"loc":{"start":{"line":218,"column":55},"end":{"line":218,"column":16}},"type":"default-arg","locations":[{"start":{"line":218,"column":55},"end":{"line":218,"column":16}}]},"22":{"loc":{"start":{"line":221,"column":6},"end":{"line":221,"column":13}},"type":"binary-expr","locations":[{"start":{"line":221,"column":6},"end":{"line":221,"column":13}},{"start":{"line":221,"column":17},"end":{"line":221,"column":6}}]},"23":{"loc":{"start":{"line":223,"column":6},"end":{"line":223,"column":10}},"type":"binary-expr","locations":[{"start":{"line":223,"column":6},"end":{"line":223,"column":10}},{"start":{"line":223,"column":14},"end":{"line":223,"column":6}}]},"24":{"loc":{"start":{"line":226,"column":54},"end":{"line":226,"column":15}},"type":"default-arg","locations":[{"start":{"line":226,"column":54},"end":{"line":226,"column":15}}]},"25":{"loc":{"start":{"line":229,"column":6},"end":{"line":229,"column":13}},"type":"binary-expr","locations":[{"start":{"line":229,"column":6},"end":{"line":229,"column":13}},{"start":{"line":229,"column":17},"end":{"line":229,"column":6}}]},"26":{"loc":{"start":{"line":231,"column":6},"end":{"line":231,"column":10}},"type":"binary-expr","locations":[{"start":{"line":231,"column":6},"end":{"line":231,"column":10}},{"start":{"line":231,"column":14},"end":{"line":231,"column":6}}]},"27":{"loc":{"start":{"line":234,"column":55},"end":{"line":234,"column":16}},"type":"default-arg","locations":[{"start":{"line":234,"column":55},"end":{"line":234,"column":16}}]},"28":{"loc":{"start":{"line":237,"column":6},"end":{"line":237,"column":13}},"type":"binary-expr","locations":[{"start":{"line":237,"column":6},"end":{"line":237,"column":13}},{"start":{"line":237,"column":17},"end":{"line":237,"column":6}}]},"29":{"loc":{"start":{"line":239,"column":6},"end":{"line":239,"column":10}},"type":"binary-expr","locations":[{"start":{"line":239,"column":6},"end":{"line":239,"column":10}},{"start":{"line":239,"column":14},"end":{"line":239,"column":6}}]},"30":{"loc":{"start":{"line":242,"column":60},"end":{"line":242,"column":21}},"type":"default-arg","locations":[{"start":{"line":242,"column":60},"end":{"line":242,"column":21}}]},"31":{"loc":{"start":{"line":245,"column":6},"end":{"line":245,"column":13}},"type":"binary-expr","locations":[{"start":{"line":245,"column":6},"end":{"line":245,"column":13}},{"start":{"line":245,"column":17},"end":{"line":245,"column":6}}]},"32":{"loc":{"start":{"line":247,"column":6},"end":{"line":247,"column":10}},"type":"binary-expr","locations":[{"start":{"line":247,"column":6},"end":{"line":247,"column":10}},{"start":{"line":247,"column":14},"end":{"line":247,"column":6}}]},"33":{"loc":{"start":{"line":250,"column":52},"end":{"line":250,"column":13}},"type":"default-arg","locations":[{"start":{"line":250,"column":52},"end":{"line":250,"column":13}}]},"34":{"loc":{"start":{"line":252,"column":6},"end":{"line":252,"column":13}},"type":"binary-expr","locations":[{"start":{"line":252,"column":6},"end":{"line":252,"column":13}},{"start":{"line":252,"column":17},"end":{"line":252,"column":6}}]},"35":{"loc":{"start":{"line":254,"column":6},"end":{"line":254,"column":10}},"type":"binary-expr","locations":[{"start":{"line":254,"column":6},"end":{"line":254,"column":10}},{"start":{"line":254,"column":14},"end":{"line":254,"column":6}}]},"36":{"loc":{"start":{"line":258,"column":55},"end":{"line":258,"column":16}},"type":"default-arg","locations":[{"start":{"line":258,"column":55},"end":{"line":258,"column":16}}]},"37":{"loc":{"start":{"line":260,"column":6},"end":{"line":260,"column":13}},"type":"binary-expr","locations":[{"start":{"line":260,"column":6},"end":{"line":260,"column":13}},{"start":{"line":260,"column":17},"end":{"line":260,"column":6}}]},"38":{"loc":{"start":{"line":262,"column":6},"end":{"line":262,"column":10}},"type":"binary-expr","locations":[{"start":{"line":262,"column":6},"end":{"line":262,"column":10}},{"start":{"line":262,"column":14},"end":{"line":262,"column":6}}]},"39":{"loc":{"start":{"line":265,"column":57},"end":{"line":265,"column":18}},"type":"default-arg","locations":[{"start":{"line":265,"column":57},"end":{"line":265,"column":18}}]},"40":{"loc":{"start":{"line":267,"column":6},"end":{"line":267,"column":13}},"type":"binary-expr","locations":[{"start":{"line":267,"column":6},"end":{"line":267,"column":13}},{"start":{"line":267,"column":17},"end":{"line":267,"column":6}}]},"41":{"loc":{"start":{"line":269,"column":6},"end":{"line":269,"column":10}},"type":"binary-expr","locations":[{"start":{"line":269,"column":6},"end":{"line":269,"column":10}},{"start":{"line":269,"column":14},"end":{"line":269,"column":6}}]},"42":{"loc":{"start":{"line":272,"column":59},"end":{"line":272,"column":20}},"type":"default-arg","locations":[{"start":{"line":272,"column":59},"end":{"line":272,"column":20}}]},"43":{"loc":{"start":{"line":274,"column":6},"end":{"line":274,"column":13}},"type":"binary-expr","locations":[{"start":{"line":274,"column":6},"end":{"line":274,"column":13}},{"start":{"line":274,"column":17},"end":{"line":274,"column":6}}]},"44":{"loc":{"start":{"line":276,"column":6},"end":{"line":276,"column":10}},"type":"binary-expr","locations":[{"start":{"line":276,"column":6},"end":{"line":276,"column":10}},{"start":{"line":276,"column":14},"end":{"line":276,"column":6}}]},"45":{"loc":{"start":{"line":279,"column":55},"end":{"line":279,"column":16}},"type":"default-arg","locations":[{"start":{"line":279,"column":55},"end":{"line":279,"column":16}}]},"46":{"loc":{"start":{"line":281,"column":6},"end":{"line":281,"column":13}},"type":"binary-expr","locations":[{"start":{"line":281,"column":6},"end":{"line":281,"column":13}},{"start":{"line":281,"column":17},"end":{"line":281,"column":6}}]},"47":{"loc":{"start":{"line":283,"column":6},"end":{"line":283,"column":10}},"type":"binary-expr","locations":[{"start":{"line":283,"column":6},"end":{"line":283,"column":10}},{"start":{"line":283,"column":14},"end":{"line":283,"column":6}}]},"48":{"loc":{"start":{"line":286,"column":53},"end":{"line":286,"column":14}},"type":"default-arg","locations":[{"start":{"line":286,"column":53},"end":{"line":286,"column":14}}]},"49":{"loc":{"start":{"line":288,"column":6},"end":{"line":288,"column":13}},"type":"binary-expr","locations":[{"start":{"line":288,"column":6},"end":{"line":288,"column":13}},{"start":{"line":288,"column":17},"end":{"line":288,"column":6}}]},"50":{"loc":{"start":{"line":290,"column":6},"end":{"line":290,"column":10}},"type":"binary-expr","locations":[{"start":{"line":290,"column":6},"end":{"line":290,"column":10}},{"start":{"line":290,"column":14},"end":{"line":290,"column":6}}]},"51":{"loc":{"start":{"line":293,"column":56},"end":{"line":293,"column":17}},"type":"default-arg","locations":[{"start":{"line":293,"column":56},"end":{"line":293,"column":17}}]},"52":{"loc":{"start":{"line":295,"column":6},"end":{"line":295,"column":13}},"type":"binary-expr","locations":[{"start":{"line":295,"column":6},"end":{"line":295,"column":13}},{"start":{"line":295,"column":17},"end":{"line":295,"column":6}}]},"53":{"loc":{"start":{"line":297,"column":6},"end":{"line":297,"column":10}},"type":"binary-expr","locations":[{"start":{"line":297,"column":6},"end":{"line":297,"column":10}},{"start":{"line":297,"column":14},"end":{"line":297,"column":6}}]},"54":{"loc":{"start":{"line":300,"column":56},"end":{"line":300,"column":17}},"type":"default-arg","locations":[{"start":{"line":300,"column":56},"end":{"line":300,"column":17}}]},"55":{"loc":{"start":{"line":302,"column":6},"end":{"line":302,"column":13}},"type":"binary-expr","locations":[{"start":{"line":302,"column":6},"end":{"line":302,"column":13}},{"start":{"line":302,"column":17},"end":{"line":302,"column":6}}]},"56":{"loc":{"start":{"line":304,"column":6},"end":{"line":304,"column":10}},"type":"binary-expr","locations":[{"start":{"line":304,"column":6},"end":{"line":304,"column":10}},{"start":{"line":304,"column":14},"end":{"line":304,"column":6}}]},"57":{"loc":{"start":{"line":307,"column":56},"end":{"line":307,"column":17}},"type":"default-arg","locations":[{"start":{"line":307,"column":56},"end":{"line":307,"column":17}}]},"58":{"loc":{"start":{"line":309,"column":6},"end":{"line":309,"column":13}},"type":"binary-expr","locations":[{"start":{"line":309,"column":6},"end":{"line":309,"column":13}},{"start":{"line":309,"column":17},"end":{"line":309,"column":6}}]},"59":{"loc":{"start":{"line":311,"column":6},"end":{"line":311,"column":10}},"type":"binary-expr","locations":[{"start":{"line":311,"column":6},"end":{"line":311,"column":10}},{"start":{"line":311,"column":14},"end":{"line":311,"column":6}}]},"60":{"loc":{"start":{"line":315,"column":56},"end":{"line":315,"column":17}},"type":"default-arg","locations":[{"start":{"line":315,"column":56},"end":{"line":315,"column":17}}]},"61":{"loc":{"start":{"line":317,"column":6},"end":{"line":317,"column":13}},"type":"binary-expr","locations":[{"start":{"line":317,"column":6},"end":{"line":317,"column":13}},{"start":{"line":317,"column":17},"end":{"line":317,"column":6}}]},"62":{"loc":{"start":{"line":319,"column":6},"end":{"line":319,"column":10}},"type":"binary-expr","locations":[{"start":{"line":319,"column":6},"end":{"line":319,"column":10}},{"start":{"line":319,"column":14},"end":{"line":319,"column":6}}]},"63":{"loc":{"start":{"line":322,"column":55},"end":{"line":322,"column":16}},"type":"default-arg","locations":[{"start":{"line":322,"column":55},"end":{"line":322,"column":16}}]},"64":{"loc":{"start":{"line":324,"column":6},"end":{"line":324,"column":13}},"type":"binary-expr","locations":[{"start":{"line":324,"column":6},"end":{"line":324,"column":13}},{"start":{"line":324,"column":17},"end":{"line":324,"column":6}}]},"65":{"loc":{"start":{"line":326,"column":6},"end":{"line":326,"column":10}},"type":"binary-expr","locations":[{"start":{"line":326,"column":6},"end":{"line":326,"column":10}},{"start":{"line":326,"column":14},"end":{"line":326,"column":6}}]}},"s":{"0":0,"1":0,"2":0,"3":0,"4":0,"5":0,"6":0,"7":0,"8":0,"9":0,"10":0,"11":0,"12":0,"13":0,"14":0,"15":0,"16":0,"17":0,"18":0,"19":0,"20":0,"21":0,"22":0,"23":0,"24":0,"25":0,"26":0,"27":0,"28":0,"29":0,"30":0,"31":0,"32":0,"33":0,"34":0,"35":0,"36":0,"37":0,"38":0,"39":0,"40":0,"41":0,"42":0,"43":0,"44":0,"45":0,"46":0,"47":0,"48":0,"49":0,"50":0,"51":0,"52":0,"53":0,"54":0,"55":0,"56":0,"57":0,"58":0,"59":0,"60":0,"61":0,"62":0,"63":0,"64":0,"65":0,"66":0,"67":0,"68":0,"69":0,"70":0,"71":0,"72":0,"73":0,"74":0,"75":0,"76":0,"77":0,"78":0,"79":0,"80":0,"81":0,"82":0,"83":0,"84":0,"85":0,"86":0,"87":0,"88":0,"89":0,"90":0,"91":0,"92":0,"93":0,"94":0,"95":0,"96":0,"97":0,"98":0,"99":0,"100":0,"101":0,"102":0,"103":0,"104":0,"105":0,"106":0,"107":0,"108":0,"109":0,"110":0,"111":0,"112":0,"113":0,"114":0,"115":0,"116":0,"117":0,"118":0,"119":0,"120":0,"121":0,"122":0,"123":0,"124":0,"125":0,"126":0,"127":0,"128":0,"129":0,"130":0,"131":0,"132":0,"133":0,"134":0,"135":0,"136":0,"137":0,"138":0,"139":0,"140":0,"141":0,"142":0,"143":0,"144":0,"145":0,"146":0,"147":0,"148":0,"149":0,"150":0,"151":0,"152":0},"f":{"0":0,"1":0,"2":0,"3":0,"4":0,"5":0,"6":0,"7":0,"8":0,"9":0,"10":0,"11":0,"12":0,"13":0,"14":0,"15":0,"16":0,"17":0,"18":0,"19":0,"20":0,"21":0,"22":0,"23":0,"24":0,"25":0,"26":0,"27":0,"28":0,"29":0,"30":0,"31":0,"32":0,"33":0,"34":0,"35":0,"36":0,"37":0,"38":0,"39":0,"40":0,"41":0,"42":0,"43":0,"44":0,"45":0,"46":0,"47":0,"48":0,"49":0,"50":0,"51":0,"52":0,"53":0,"54":0,"55":0,"56":0,"57":0,"58":0,"59":0,"60":0,"61":0,"62":0,"63":0,"64":0,"65":0,"66":0,"67":0,"68":0,"69":0,"70":0,"71":0,"72":0,"73":0,"74":0,"75":0,"76":0,"77":0,"78":0,"79":0,"80":0,"81":0,"82":0,"83":0},"b":{"0":[0],"1":[0,0],"2":[0,0],"3":[0],"4":[0,0],"5":[0,0],"6":[0],"7":[0,0],"8":[0,0],"9":[0],"10":[0,0],"11":[0,0],"12":[0],"13":[0,0],"14":[0,0],"15":[0],"16":[0,0],"17":[0,0],"18":[0],"19":[0,0],"20":[0,0],"21":[0],"22":[0,0],"23":[0,0],"24":[0],"25":[0,0],"26":[0,0],"27":[0],"28":[0,0],"29":[0,0],"30":[0],"31":[0,0],"32":[0,0],"33":[0],"34":[0,0],"35":[0,0],"36":[0],"37":[0,0],"38":[0,0],"39":[0],"40":[0,0],"41":[0,0],"42":[0],"43":[0,0],"44":[0,0],"45":[0],"46":[0,0],"47":[0,0],"48":[0],"49":[0,0],"50":[0,0],"51":[0],"52":[0,0],"53":[0,0],"54":[0],"55":[0,0],"56":[0,0],"57":[0],"58":[0,0],"59":[0,0],"60":[0],"61":[0,0],"62":[0,0],"63":[0],"64":[0,0],"65":[0,0]}}
,"E:\\blibli\\final project\\dagoan.in (FE)\\dagoan.in\\src\\views\\About.vue": {"path":"E:\\blibli\\final project\\dagoan.in (FE)\\dagoan.in\\src\\views\\About.vue","statementMap":{"0":{"start":{"line":35,"column":0},"end":{"line":null,"column":-1}},"1":{"start":{"line":44,"column":0},"end":{"line":null,"column":-1}},"2":{"start":{"line":60,"column":0},"end":{"line":null,"column":-1}},"3":{"start":{"line":63,"column":0},"end":{"line":null,"column":-1}},"4":{"start":{"line":66,"column":0},"end":{"line":null,"column":-1}},"5":{"start":{"line":71,"column":0},"end":{"line":null,"column":-1}}},"fnMap":{"0":{"name":"(anonymous_1)","decl":{"start":{"line":59,"column":0},"end":{"line":null,"column":-1}},"loc":{"start":{"line":59,"column":0},"end":{"line":61,"column":0}}},"1":{"name":"(anonymous_2)","decl":{"start":{"line":62,"column":0},"end":{"line":null,"column":-1}},"loc":{"start":{"line":62,"column":0},"end":{"line":64,"column":0}}},"2":{"name":"(anonymous_3)","decl":{"start":{"line":65,"column":0},"end":{"line":null,"column":-1}},"loc":{"start":{"line":65,"column":0},"end":{"line":69,"column":0}}},"3":{"name":"(anonymous_4)","decl":{"start":{"line":70,"column":0},"end":{"line":null,"column":-1}},"loc":{"start":{"line":70,"column":0},"end":{"line":72,"column":0}}}},"branchMap":{},"s":{"0":0,"1":0,"2":0,"3":0,"4":0,"5":0},"f":{"0":0,"1":0,"2":0,"3":0},"b":{}}
,"E:\\blibli\\final project\\dagoan.in (FE)\\dagoan.in\\src\\views\\Chat.vue": {"path":"E:\\blibli\\final project\\dagoan.in (FE)\\dagoan.in\\src\\views\\Chat.vue","statementMap":{"0":{"start":{"line":1,"column":0},"end":{"line":null,"column":-1}}},"fnMap":{},"branchMap":{},"s":{"0":0},"f":{},"b":{}}
,"E:\\blibli\\final project\\dagoan.in (FE)\\dagoan.in\\src\\views\\Home.vue": {"path":"E:\\blibli\\final project\\dagoan.in (FE)\\dagoan.in\\src\\views\\Home.vue","statementMap":{"0":{"start":{"line":1,"column":0},"end":{"line":null,"column":-1}},"1":{"start":{"line":2,"column":0},"end":{"line":null,"column":-1}},"2":{"start":{"line":3,"column":0},"end":{"line":null,"column":-1}},"3":{"start":{"line":4,"column":0},"end":{"line":null,"column":-1}},"4":{"start":{"line":13,"column":0},"end":{"line":null,"column":-1}},"5":{"start":{"line":27,"column":0},"end":{"line":null,"column":-1}},"6":{"start":{"line":35,"column":0},"end":{"line":null,"column":-1}}},"fnMap":{},"branchMap":{},"s":{"0":0,"1":0,"2":0,"3":0,"4":0,"5":0,"6":0},"f":{},"b":{}}
,"E:\\blibli\\final project\\dagoan.in (FE)\\dagoan.in\\src\\views\\LandingPage.vue": {"path":"E:\\blibli\\final project\\dagoan.in (FE)\\dagoan.in\\src\\views\\LandingPage.vue","statementMap":{"0":{"start":{"line":1,"column":0},"end":{"line":null,"column":-1}},"1":{"start":{"line":2,"column":0},"end":{"line":null,"column":-1}},"2":{"start":{"line":3,"column":0},"end":{"line":null,"column":-1}},"3":{"start":{"line":4,"column":0},"end":{"line":null,"column":-1}},"4":{"start":{"line":5,"column":0},"end":{"line":null,"column":-1}}},"fnMap":{},"branchMap":{},"s":{"0":0,"1":0,"2":0,"3":0,"4":0},"f":{},"b":{}}
,"E:\\blibli\\final project\\dagoan.in (FE)\\dagoan.in\\src\\views\\Login.vue": {"path":"E:\\blibli\\final project\\dagoan.in (FE)\\dagoan.in\\src\\views\\Login.vue","statementMap":{"0":{"start":{"line":1,"column":0},"end":{"line":null,"column":-1}},"1":{"start":{"line":2,"column":0},"end":{"line":null,"column":-1}},"2":{"start":{"line":3,"column":0},"end":{"line":null,"column":-1}},"3":{"start":{"line":4,"column":0},"end":{"line":null,"column":-1}},"4":{"start":{"line":9,"column":0},"end":{"line":11,"column":0}},"5":{"start":{"line":10,"column":0},"end":{"line":null,"column":-1}},"6":{"start":{"line":18,"column":0},"end":{"line":20,"column":0}},"7":{"start":{"line":19,"column":0},"end":{"line":null,"column":-1}},"8":{"start":{"line":21,"column":0},"end":{"line":null,"column":-1}},"9":{"start":{"line":24,"column":0},"end":{"line":26,"column":0}},"10":{"start":{"line":25,"column":0},"end":{"line":null,"column":-1}},"11":{"start":{"line":27,"column":0},"end":{"line":null,"column":-1}},"12":{"start":{"line":31,"column":0},"end":{"line":null,"column":-1}},"13":{"start":{"line":39,"column":0},"end":{"line":null,"column":-1}},"14":{"start":{"line":45,"column":0},"end":{"line":null,"column":-1}},"15":{"start":{"line":46,"column":0},"end":{"line":null,"column":-1}},"16":{"start":{"line":56,"column":0},"end":{"line":59,"column":0}},"17":{"start":{"line":57,"column":0},"end":{"line":null,"column":-1}},"18":{"start":{"line":58,"column":0},"end":{"line":null,"column":-1}},"19":{"start":{"line":62,"column":0},"end":{"line":64,"column":0}},"20":{"start":{"line":63,"column":0},"end":{"line":null,"column":-1}}},"fnMap":{"0":{"name":"(anonymous_1)","decl":{"start":{"line":56,"column":0},"end":{"line":null,"column":-1}},"loc":{"start":{"line":56,"column":0},"end":{"line":59,"column":0}}},"1":{"name":"(anonymous_2)","decl":{"start":{"line":62,"column":0},"end":{"line":null,"column":-1}},"loc":{"start":{"line":62,"column":0},"end":{"line":64,"column":0}}}},"branchMap":{"0":{"loc":{"start":{"line":9,"column":0},"end":{"line":11,"column":0}},"type":"if","locations":[{"start":{"line":9,"column":0},"end":{"line":11,"column":0}},{"start":{"line":9,"column":0},"end":{"line":11,"column":0}}]},"1":{"loc":{"start":{"line":9,"column":0},"end":{"line":null,"column":-1}},"type":"binary-expr","locations":[{"start":{"line":9,"column":0},"end":{"line":null,"column":-1}},{"start":{"line":9,"column":0},"end":{"line":null,"column":-1}}]},"2":{"loc":{"start":{"line":18,"column":0},"end":{"line":20,"column":0}},"type":"if","locations":[{"start":{"line":18,"column":0},"end":{"line":20,"column":0}},{"start":{"line":18,"column":0},"end":{"line":20,"column":0}}]},"3":{"loc":{"start":{"line":24,"column":0},"end":{"line":26,"column":0}},"type":"if","locations":[{"start":{"line":24,"column":0},"end":{"line":26,"column":0}},{"start":{"line":24,"column":0},"end":{"line":26,"column":0}}]},"4":{"loc":{"start":{"line":40,"column":0},"end":{"line":null,"column":-1}},"type":"cond-expr","locations":[{"start":{"line":40,"column":0},"end":{"line":null,"column":-1}},{"start":{"line":40,"column":0},"end":{"line":null,"column":-1}}]}},"s":{"0":0,"1":0,"2":0,"3":0,"4":0,"5":0,"6":0,"7":0,"8":0,"9":0,"10":0,"11":0,"12":0,"13":0,"14":0,"15":0,"16":0,"17":0,"18":0,"19":0,"20":0},"f":{"0":0,"1":0},"b":{"0":[0,0],"1":[0,0],"2":[0,0],"3":[0,0],"4":[0,0]}}
,"E:\\blibli\\final project\\dagoan.in (FE)\\dagoan.in\\src\\views\\Main.vue": {"path":"E:\\blibli\\final project\\dagoan.in (FE)\\dagoan.in\\src\\views\\Main.vue","statementMap":{"0":{"start":{"line":1,"column":0},"end":{"line":null,"column":-1}},"1":{"start":{"line":2,"column":0},"end":{"line":null,"column":-1}},"2":{"start":{"line":3,"column":0},"end":{"line":null,"column":-1}},"3":{"start":{"line":4,"column":0},"end":{"line":null,"column":-1}},"4":{"start":{"line":5,"column":0},"end":{"line":null,"column":-1}},"5":{"start":{"line":7,"column":0},"end":{"line":null,"column":-1}},"6":{"start":{"line":8,"column":0},"end":{"line":null,"column":-1}},"7":{"start":{"line":9,"column":0},"end":{"line":null,"column":-1}},"8":{"start":{"line":10,"column":0},"end":{"line":null,"column":-1}},"9":{"start":{"line":11,"column":0},"end":{"line":null,"column":-1}},"10":{"start":{"line":12,"column":0},"end":{"line":null,"column":-1}},"11":{"start":{"line":30,"column":0},"end":{"line":null,"column":-1}},"12":{"start":{"line":31,"column":0},"end":{"line":null,"column":-1}},"13":{"start":{"line":34,"column":0},"end":{"line":null,"column":-1}},"14":{"start":{"line":53,"column":0},"end":{"line":null,"column":-1}},"15":{"start":{"line":56,"column":0},"end":{"line":null,"column":-1}},"16":{"start":{"line":59,"column":0},"end":{"line":null,"column":-1}},"17":{"start":{"line":62,"column":0},"end":{"line":null,"column":-1}},"18":{"start":{"line":65,"column":0},"end":{"line":67,"column":0}},"19":{"start":{"line":66,"column":0},"end":{"line":null,"column":-1}},"20":{"start":{"line":70,"column":0},"end":{"line":null,"column":-1}},"21":{"start":{"line":73,"column":0},"end":{"line":null,"column":-1}},"22":{"start":{"line":76,"column":0},"end":{"line":null,"column":-1}},"23":{"start":{"line":80,"column":0},"end":{"line":null,"column":-1}},"24":{"start":{"line":98,"column":0},"end":{"line":null,"column":-1}},"25":{"start":{"line":104,"column":0},"end":{"line":null,"column":-1}},"26":{"start":{"line":107,"column":0},"end":{"line":null,"column":-1}},"27":{"start":{"line":115,"column":0},"end":{"line":null,"column":-1}},"28":{"start":{"line":126,"column":0},"end":{"line":null,"column":-1}},"29":{"start":{"line":129,"column":0},"end":{"line":null,"column":-1}},"30":{"start":{"line":134,"column":0},"end":{"line":null,"column":-1}},"31":{"start":{"line":137,"column":0},"end":{"line":null,"column":-1}},"32":{"start":{"line":140,"column":0},"end":{"line":142,"column":0}},"33":{"start":{"line":141,"column":0},"end":{"line":null,"column":-1}},"34":{"start":{"line":143,"column":0},"end":{"line":null,"column":-1}},"35":{"start":{"line":146,"column":0},"end":{"line":null,"column":-1}},"36":{"start":{"line":147,"column":0},"end":{"line":150,"column":0}},"37":{"start":{"line":148,"column":0},"end":{"line":null,"column":-1}},"38":{"start":{"line":149,"column":0},"end":{"line":null,"column":-1}},"39":{"start":{"line":151,"column":0},"end":{"line":null,"column":-1}},"40":{"start":{"line":157,"column":0},"end":{"line":null,"column":-1}},"41":{"start":{"line":159,"column":0},"end":{"line":null,"column":-1}},"42":{"start":{"line":160,"column":0},"end":{"line":null,"column":-1}},"43":{"start":{"line":163,"column":0},"end":{"line":180,"column":0}},"44":{"start":{"line":164,"column":0},"end":{"line":null,"column":-1}},"45":{"start":{"line":165,"column":0},"end":{"line":null,"column":-1}},"46":{"start":{"line":173,"column":0},"end":{"line":null,"column":-1}},"47":{"start":{"line":174,"column":0},"end":{"line":179,"column":0}},"48":{"start":{"line":175,"column":0},"end":{"line":null,"column":-1}},"49":{"start":{"line":177,"column":0},"end":{"line":null,"column":-1}},"50":{"start":{"line":178,"column":0},"end":{"line":null,"column":-1}},"51":{"start":{"line":183,"column":0},"end":{"line":null,"column":-1}},"52":{"start":{"line":184,"column":0},"end":{"line":null,"column":-1}},"53":{"start":{"line":187,"column":0},"end":{"line":null,"column":-1}},"54":{"start":{"line":188,"column":0},"end":{"line":null,"column":-1}}},"fnMap":{"0":{"name":"(anonymous_1)","decl":{"start":{"line":7,"column":0},"end":{"line":null,"column":-1}},"loc":{"start":{"line":7,"column":0},"end":{"line":null,"column":-1}}},"1":{"name":"(anonymous_3)","decl":{"start":{"line":8,"column":0},"end":{"line":null,"column":-1}},"loc":{"start":{"line":8,"column":0},"end":{"line":null,"column":-1}}},"2":{"name":"(anonymous_5)","decl":{"start":{"line":9,"column":0},"end":{"line":null,"column":-1}},"loc":{"start":{"line":9,"column":0},"end":{"line":null,"column":-1}}},"3":{"name":"(anonymous_7)","decl":{"start":{"line":10,"column":0},"end":{"line":null,"column":-1}},"loc":{"start":{"line":10,"column":0},"end":{"line":null,"column":-1}}},"4":{"name":"(anonymous_9)","decl":{"start":{"line":11,"column":0},"end":{"line":null,"column":-1}},"loc":{"start":{"line":11,"column":0},"end":{"line":null,"column":-1}}},"5":{"name":"(anonymous_11)","decl":{"start":{"line":12,"column":0},"end":{"line":null,"column":-1}},"loc":{"start":{"line":12,"column":0},"end":{"line":null,"column":-1}}},"6":{"name":"(anonymous_13)","decl":{"start":{"line":65,"column":0},"end":{"line":null,"column":-1}},"loc":{"start":{"line":65,"column":0},"end":{"line":67,"column":0}}},"7":{"name":"(anonymous_14)","decl":{"start":{"line":76,"column":0},"end":{"line":null,"column":-1}},"loc":{"start":{"line":76,"column":0},"end":{"line":null,"column":-1}}},"8":{"name":"(anonymous_16)","decl":{"start":{"line":147,"column":0},"end":{"line":null,"column":-1}},"loc":{"start":{"line":147,"column":0},"end":{"line":150,"column":0}}},"9":{"name":"(anonymous_17)","decl":{"start":{"line":163,"column":0},"end":{"line":null,"column":-1}},"loc":{"start":{"line":163,"column":0},"end":{"line":180,"column":0}}}},"branchMap":{"0":{"loc":{"start":{"line":53,"column":0},"end":{"line":null,"column":-1}},"type":"binary-expr","locations":[{"start":{"line":53,"column":0},"end":{"line":null,"column":-1}},{"start":{"line":53,"column":0},"end":{"line":null,"column":-1}}]},"1":{"loc":{"start":{"line":56,"column":0},"end":{"line":null,"column":-1}},"type":"binary-expr","locations":[{"start":{"line":56,"column":0},"end":{"line":null,"column":-1}},{"start":{"line":56,"column":0},"end":{"line":null,"column":-1}}]},"2":{"loc":{"start":{"line":59,"column":0},"end":{"line":null,"column":-1}},"type":"binary-expr","locations":[{"start":{"line":59,"column":0},"end":{"line":null,"column":-1}},{"start":{"line":59,"column":0},"end":{"line":null,"column":-1}}]},"3":{"loc":{"start":{"line":62,"column":0},"end":{"line":null,"column":-1}},"type":"binary-expr","locations":[{"start":{"line":62,"column":0},"end":{"line":null,"column":-1}},{"start":{"line":62,"column":0},"end":{"line":null,"column":-1}}]},"4":{"loc":{"start":{"line":70,"column":0},"end":{"line":null,"column":-1}},"type":"binary-expr","locations":[{"start":{"line":70,"column":0},"end":{"line":null,"column":-1}},{"start":{"line":70,"column":0},"end":{"line":null,"column":-1}}]},"5":{"loc":{"start":{"line":73,"column":0},"end":{"line":null,"column":-1}},"type":"binary-expr","locations":[{"start":{"line":73,"column":0},"end":{"line":null,"column":-1}},{"start":{"line":73,"column":0},"end":{"line":null,"column":-1}}]},"6":{"loc":{"start":{"line":76,"column":0},"end":{"line":null,"column":-1}},"type":"binary-expr","locations":[{"start":{"line":76,"column":0},"end":{"line":null,"column":-1}},{"start":{"line":76,"column":0},"end":{"line":null,"column":-1}}]},"7":{"loc":{"start":{"line":134,"column":0},"end":{"line":null,"column":-1}},"type":"binary-expr","locations":[{"start":{"line":134,"column":0},"end":{"line":null,"column":-1}},{"start":{"line":134,"column":0},"end":{"line":null,"column":-1}}]},"8":{"loc":{"start":{"line":137,"column":0},"end":{"line":null,"column":-1}},"type":"binary-expr","locations":[{"start":{"line":137,"column":0},"end":{"line":null,"column":-1}},{"start":{"line":137,"column":0},"end":{"line":null,"column":-1}}]},"9":{"loc":{"start":{"line":140,"column":0},"end":{"line":142,"column":0}},"type":"if","locations":[{"start":{"line":140,"column":0},"end":{"line":142,"column":0}},{"start":{"line":140,"column":0},"end":{"line":142,"column":0}}]},"10":{"loc":{"start":{"line":141,"column":0},"end":{"line":null,"column":-1}},"type":"cond-expr","locations":[{"start":{"line":141,"column":0},"end":{"line":null,"column":-1}},{"start":{"line":141,"column":0},"end":{"line":null,"column":-1}}]},"11":{"loc":{"start":{"line":174,"column":0},"end":{"line":179,"column":0}},"type":"if","locations":[{"start":{"line":174,"column":0},"end":{"line":179,"column":0}},{"start":{"line":174,"column":0},"end":{"line":179,"column":0}}]}},"s":{"0":0,"1":0,"2":0,"3":0,"4":0,"5":0,"6":0,"7":0,"8":0,"9":0,"10":0,"11":0,"12":0,"13":0,"14":0,"15":0,"16":0,"17":0,"18":0,"19":0,"20":0,"21":0,"22":0,"23":0,"24":0,"25":0,"26":0,"27":0,"28":0,"29":0,"30":0,"31":0,"32":0,"33":0,"34":0,"35":0,"36":0,"37":0,"38":0,"39":0,"40":0,"41":0,"42":0,"43":0,"44":0,"45":0,"46":0,"47":0,"48":0,"49":0,"50":0,"51":0,"52":0,"53":0,"54":0},"f":{"0":0,"1":0,"2":0,"3":0,"4":0,"5":0,"6":0,"7":0,"8":0,"9":0},"b":{"0":[0,0],"1":[0,0],"2":[0,0],"3":[0,0],"4":[0,0],"5":[0,0],"6":[0,0],"7":[0,0],"8":[0,0],"9":[0,0],"10":[0,0],"11":[0,0]}}
,"E:\\blibli\\final project\\dagoan.in (FE)\\dagoan.in\\src\\views\\Reports.vue": {"path":"E:\\blibli\\final project\\dagoan.in (FE)\\dagoan.in\\src\\views\\Reports.vue","statementMap":{"0":{"start":{"line":1,"column":0},"end":{"line":null,"column":-1}},"1":{"start":{"line":2,"column":0},"end":{"line":null,"column":-1}},"2":{"start":{"line":3,"column":0},"end":{"line":null,"column":-1}},"3":{"start":{"line":4,"column":0},"end":{"line":null,"column":-1}},"4":{"start":{"line":15,"column":0},"end":{"line":null,"column":-1}}},"fnMap":{},"branchMap":{},"s":{"0":0,"1":0,"2":0,"3":0,"4":0},"f":{},"b":{}}
,"E:\\blibli\\final project\\dagoan.in (FE)\\dagoan.in\\src\\views\\Team.vue": {"path":"E:\\blibli\\final project\\dagoan.in (FE)\\dagoan.in\\src\\views\\Team.vue","statementMap":{"0":{"start":{"line":1,"column":0},"end":{"line":null,"column":-1}},"1":{"start":{"line":2,"column":0},"end":{"line":null,"column":-1}},"2":{"start":{"line":3,"column":0},"end":{"line":null,"column":-1}},"3":{"start":{"line":4,"column":0},"end":{"line":null,"column":-1}},"4":{"start":{"line":5,"column":0},"end":{"line":null,"column":-1}},"5":{"start":{"line":6,"column":0},"end":{"line":null,"column":-1}},"6":{"start":{"line":17,"column":0},"end":{"line":null,"column":-1}},"7":{"start":{"line":23,"column":0},"end":{"line":null,"column":-1}},"8":{"start":{"line":24,"column":0},"end":{"line":null,"column":-1}},"9":{"start":{"line":32,"column":0},"end":{"line":null,"column":-1}},"10":{"start":{"line":35,"column":0},"end":{"line":null,"column":-1}},"11":{"start":{"line":38,"column":0},"end":{"line":null,"column":-1}},"12":{"start":{"line":41,"column":0},"end":{"line":null,"column":-1}},"13":{"start":{"line":51,"column":0},"end":{"line":null,"column":-1}},"14":{"start":{"line":58,"column":0},"end":{"line":null,"column":-1}},"15":{"start":{"line":64,"column":0},"end":{"line":null,"column":-1}}},"fnMap":{},"branchMap":{"0":{"loc":{"start":{"line":32,"column":0},"end":{"line":null,"column":-1}},"type":"binary-expr","locations":[{"start":{"line":32,"column":0},"end":{"line":null,"column":-1}},{"start":{"line":32,"column":0},"end":{"line":null,"column":-1}}]},"1":{"loc":{"start":{"line":35,"column":0},"end":{"line":null,"column":-1}},"type":"binary-expr","locations":[{"start":{"line":35,"column":0},"end":{"line":null,"column":-1}},{"start":{"line":35,"column":0},"end":{"line":null,"column":-1}}]},"2":{"loc":{"start":{"line":38,"column":0},"end":{"line":null,"column":-1}},"type":"binary-expr","locations":[{"start":{"line":38,"column":0},"end":{"line":null,"column":-1}},{"start":{"line":38,"column":0},"end":{"line":null,"column":-1}}]},"3":{"loc":{"start":{"line":41,"column":0},"end":{"line":null,"column":-1}},"type":"binary-expr","locations":[{"start":{"line":41,"column":0},"end":{"line":null,"column":-1}},{"start":{"line":41,"column":0},"end":{"line":null,"column":-1}}]}},"s":{"0":0,"1":0,"2":0,"3":0,"4":0,"5":0,"6":0,"7":0,"8":0,"9":0,"10":0,"11":0,"12":0,"13":0,"14":0,"15":0},"f":{},"b":{"0":[0,0],"1":[0,0],"2":[0,0],"3":[0,0]}}
}
