TN:
SF:E:\blibli\final project\dagoan.in (FE)\dagoan.in\src\components\MainHeader.vue
FN:77,(anonymous_1)
FN:95,(anonymous_2)
FNF:2
FNH:0
FNDA:0,(anonymous_1)
FNDA:0,(anonymous_2)
DA:64,0
DA:70,0
DA:77,0
DA:78,0
DA:79,0
DA:80,0
DA:88,0
DA:95,0
DA:96,0
DA:97,0
DA:98,0
DA:106,0
LF:12
LH:0
BRDA:71,0,0,0
BRDA:71,0,1,0
BRDA:89,1,0,0
BRDA:89,1,1,0
BRF:4
BRH:0
end_of_record
TN:
SF:E:\blibli\final project\dagoan.in (FE)\dagoan.in\src\components\PlainHeader.vue
FNF:0
FNH:0
DA:17,0
LF:1
LH:0
BRF:0
BRH:0
end_of_record
TN:
SF:E:\blibli\final project\dagoan.in (FE)\dagoan.in\src\store\index.js
FN:14,(anonymous_0)
FNF:1
FNH:0
FNDA:0,(anonymous_0)
DA:1,0
DA:2,0
DA:3,0
DA:5,0
DA:7,0
DA:14,0
DA:15,0
DA:16,0
DA:18,0
LF:9
LH:0
BRF:0
BRH:0
end_of_record
TN:
SF:E:\blibli\final project\dagoan.in (FE)\dagoan.in\src\store\main.js
FN:79,(anonymous_0)
FN:80,(anonymous_1)
FN:83,(anonymous_2)
FN:87,(anonymous_3)
FN:88,(anonymous_4)
FN:91,(anonymous_5)
FN:96,(anonymous_6)
FN:97,(anonymous_7)
FN:104,(anonymous_8)
FN:105,(anonymous_9)
FN:121,(anonymous_10)
FN:122,(anonymous_11)
FN:129,(anonymous_12)
FN:130,(anonymous_13)
FN:133,(anonymous_14)
FN:138,(anonymous_15)
FN:139,(anonymous_16)
FN:146,(anonymous_17)
FN:147,(anonymous_18)
FN:154,(anonymous_19)
FN:155,(anonymous_20)
FN:162,(anonymous_21)
FN:163,(anonymous_22)
FN:169,(anonymous_23)
FN:169,(anonymous_24)
FN:170,(anonymous_25)
FN:176,(anonymous_26)
FN:186,(anonymous_27)
FN:187,(anonymous_28)
FN:189,(anonymous_29)
FN:193,(anonymous_30)
FN:194,(anonymous_31)
FN:197,(anonymous_32)
FN:201,(anonymous_33)
FN:202,(anonymous_34)
FN:205,(anonymous_35)
FN:209,(anonymous_36)
FN:210,(anonymous_37)
FN:214,(anonymous_38)
FN:218,(anonymous_39)
FN:219,(anonymous_40)
FN:222,(anonymous_41)
FN:226,(anonymous_42)
FN:227,(anonymous_43)
FN:230,(anonymous_44)
FN:234,(anonymous_45)
FN:235,(anonymous_46)
FN:238,(anonymous_47)
FN:242,(anonymous_48)
FN:243,(anonymous_49)
FN:246,(anonymous_50)
FN:250,(anonymous_51)
FN:251,(anonymous_52)
FN:253,(anonymous_53)
FN:258,(anonymous_54)
FN:259,(anonymous_55)
FN:261,(anonymous_56)
FN:265,(anonymous_57)
FN:266,(anonymous_58)
FN:268,(anonymous_59)
FN:272,(anonymous_60)
FN:273,(anonymous_61)
FN:275,(anonymous_62)
FN:279,(anonymous_63)
FN:280,(anonymous_64)
FN:282,(anonymous_65)
FN:286,(anonymous_66)
FN:287,(anonymous_67)
FN:289,(anonymous_68)
FN:293,(anonymous_69)
FN:294,(anonymous_70)
FN:296,(anonymous_71)
FN:300,(anonymous_72)
FN:301,(anonymous_73)
FN:303,(anonymous_74)
FN:307,(anonymous_75)
FN:308,(anonymous_76)
FN:310,(anonymous_77)
FN:315,(anonymous_78)
FN:316,(anonymous_79)
FN:318,(anonymous_80)
FN:322,(anonymous_81)
FN:323,(anonymous_82)
FN:325,(anonymous_83)
FNF:84
FNH:0
FNDA:0,(anonymous_0)
FNDA:0,(anonymous_1)
FNDA:0,(anonymous_2)
FNDA:0,(anonymous_3)
FNDA:0,(anonymous_4)
FNDA:0,(anonymous_5)
FNDA:0,(anonymous_6)
FNDA:0,(anonymous_7)
FNDA:0,(anonymous_8)
FNDA:0,(anonymous_9)
FNDA:0,(anonymous_10)
FNDA:0,(anonymous_11)
FNDA:0,(anonymous_12)
FNDA:0,(anonymous_13)
FNDA:0,(anonymous_14)
FNDA:0,(anonymous_15)
FNDA:0,(anonymous_16)
FNDA:0,(anonymous_17)
FNDA:0,(anonymous_18)
FNDA:0,(anonymous_19)
FNDA:0,(anonymous_20)
FNDA:0,(anonymous_21)
FNDA:0,(anonymous_22)
FNDA:0,(anonymous_23)
FNDA:0,(anonymous_24)
FNDA:0,(anonymous_25)
FNDA:0,(anonymous_26)
FNDA:0,(anonymous_27)
FNDA:0,(anonymous_28)
FNDA:0,(anonymous_29)
FNDA:0,(anonymous_30)
FNDA:0,(anonymous_31)
FNDA:0,(anonymous_32)
FNDA:0,(anonymous_33)
FNDA:0,(anonymous_34)
FNDA:0,(anonymous_35)
FNDA:0,(anonymous_36)
FNDA:0,(anonymous_37)
FNDA:0,(anonymous_38)
FNDA:0,(anonymous_39)
FNDA:0,(anonymous_40)
FNDA:0,(anonymous_41)
FNDA:0,(anonymous_42)
FNDA:0,(anonymous_43)
FNDA:0,(anonymous_44)
FNDA:0,(anonymous_45)
FNDA:0,(anonymous_46)
FNDA:0,(anonymous_47)
FNDA:0,(anonymous_48)
FNDA:0,(anonymous_49)
FNDA:0,(anonymous_50)
FNDA:0,(anonymous_51)
FNDA:0,(anonymous_52)
FNDA:0,(anonymous_53)
FNDA:0,(anonymous_54)
FNDA:0,(anonymous_55)
FNDA:0,(anonymous_56)
FNDA:0,(anonymous_57)
FNDA:0,(anonymous_58)
FNDA:0,(anonymous_59)
FNDA:0,(anonymous_60)
FNDA:0,(anonymous_61)
FNDA:0,(anonymous_62)
FNDA:0,(anonymous_63)
FNDA:0,(anonymous_64)
FNDA:0,(anonymous_65)
FNDA:0,(anonymous_66)
FNDA:0,(anonymous_67)
FNDA:0,(anonymous_68)
FNDA:0,(anonymous_69)
FNDA:0,(anonymous_70)
FNDA:0,(anonymous_71)
FNDA:0,(anonymous_72)
FNDA:0,(anonymous_73)
FNDA:0,(anonymous_74)
FNDA:0,(anonymous_75)
FNDA:0,(anonymous_76)
FNDA:0,(anonymous_77)
FNDA:0,(anonymous_78)
FNDA:0,(anonymous_79)
FNDA:0,(anonymous_80)
FNDA:0,(anonymous_81)
FNDA:0,(anonymous_82)
FNDA:0,(anonymous_83)
DA:1,0
DA:2,0
DA:4,0
DA:22,0
DA:24,0
DA:27,0
DA:30,0
DA:33,0
DA:36,0
DA:39,0
DA:42,0
DA:45,0
DA:49,0
DA:52,0
DA:55,0
DA:58,0
DA:61,0
DA:64,0
DA:67,0
DA:70,0
DA:74,0
DA:76,0
DA:80,0
DA:81,0
DA:82,0
DA:84,0
DA:88,0
DA:89,0
DA:90,0
DA:92,0
DA:96,0
DA:97,0
DA:98,0
DA:99,0
DA:104,0
DA:105,0
DA:106,0
DA:107,0
DA:121,0
DA:122,0
DA:123,0
DA:124,0
DA:130,0
DA:131,0
DA:132,0
DA:134,0
DA:138,0
DA:139,0
DA:140,0
DA:141,0
DA:146,0
DA:147,0
DA:148,0
DA:149,0
DA:154,0
DA:155,0
DA:156,0
DA:157,0
DA:162,0
DA:163,0
DA:164,0
DA:165,0
DA:169,0
DA:170,0
DA:171,0
DA:172,0
DA:173,0
DA:176,0
DA:177,0
DA:178,0
DA:179,0
DA:181,0
DA:183,0
DA:187,0
DA:188,0
DA:190,0
DA:194,0
DA:195,0
DA:196,0
DA:198,0
DA:202,0
DA:203,0
DA:204,0
DA:206,0
DA:210,0
DA:211,0
DA:212,0
DA:213,0
DA:215,0
DA:219,0
DA:220,0
DA:221,0
DA:223,0
DA:227,0
DA:228,0
DA:229,0
DA:231,0
DA:235,0
DA:236,0
DA:237,0
DA:239,0
DA:243,0
DA:244,0
DA:245,0
DA:247,0
DA:251,0
DA:252,0
DA:254,0
DA:259,0
DA:260,0
DA:262,0
DA:266,0
DA:267,0
DA:269,0
DA:273,0
DA:274,0
DA:276,0
DA:280,0
DA:281,0
DA:283,0
DA:287,0
DA:288,0
DA:290,0
DA:294,0
DA:295,0
DA:297,0
DA:301,0
DA:302,0
DA:304,0
DA:308,0
DA:309,0
DA:311,0
DA:316,0
DA:317,0
DA:319,0
DA:323,0
DA:324,0
DA:326,0
DA:331,0
DA:333,0
DA:336,0
DA:339,0
DA:342,0
DA:345,0
DA:348,0
DA:351,0
DA:354,0
DA:358,0
DA:361,0
DA:364,0
DA:367,0
DA:370,0
DA:373,0
LF:153
LH:0
BRDA:79,0,0,0
BRDA:82,1,0,0
BRDA:82,1,1,0
BRDA:84,2,0,0
BRDA:84,2,1,0
BRDA:87,3,0,0
BRDA:90,4,0,0
BRDA:90,4,1,0
BRDA:92,5,0,0
BRDA:92,5,1,0
BRDA:129,6,0,0
BRDA:132,7,0,0
BRDA:132,7,1,0
BRDA:134,8,0,0
BRDA:134,8,1,0
BRDA:186,9,0,0
BRDA:188,10,0,0
BRDA:188,10,1,0
BRDA:190,11,0,0
BRDA:190,11,1,0
BRDA:193,12,0,0
BRDA:196,13,0,0
BRDA:196,13,1,0
BRDA:198,14,0,0
BRDA:198,14,1,0
BRDA:201,15,0,0
BRDA:204,16,0,0
BRDA:204,16,1,0
BRDA:206,17,0,0
BRDA:206,17,1,0
BRDA:209,18,0,0
BRDA:211,19,0,0
BRDA:211,19,1,0
BRDA:215,20,0,0
BRDA:215,20,1,0
BRDA:218,21,0,0
BRDA:221,22,0,0
BRDA:221,22,1,0
BRDA:223,23,0,0
BRDA:223,23,1,0
BRDA:226,24,0,0
BRDA:229,25,0,0
BRDA:229,25,1,0
BRDA:231,26,0,0
BRDA:231,26,1,0
BRDA:234,27,0,0
BRDA:237,28,0,0
BRDA:237,28,1,0
BRDA:239,29,0,0
BRDA:239,29,1,0
BRDA:242,30,0,0
BRDA:245,31,0,0
BRDA:245,31,1,0
BRDA:247,32,0,0
BRDA:247,32,1,0
BRDA:250,33,0,0
BRDA:252,34,0,0
BRDA:252,34,1,0
BRDA:254,35,0,0
BRDA:254,35,1,0
BRDA:258,36,0,0
BRDA:260,37,0,0
BRDA:260,37,1,0
BRDA:262,38,0,0
BRDA:262,38,1,0
BRDA:265,39,0,0
BRDA:267,40,0,0
BRDA:267,40,1,0
BRDA:269,41,0,0
BRDA:269,41,1,0
BRDA:272,42,0,0
BRDA:274,43,0,0
BRDA:274,43,1,0
BRDA:276,44,0,0
BRDA:276,44,1,0
BRDA:279,45,0,0
BRDA:281,46,0,0
BRDA:281,46,1,0
BRDA:283,47,0,0
BRDA:283,47,1,0
BRDA:286,48,0,0
BRDA:288,49,0,0
BRDA:288,49,1,0
BRDA:290,50,0,0
BRDA:290,50,1,0
BRDA:293,51,0,0
BRDA:295,52,0,0
BRDA:295,52,1,0
BRDA:297,53,0,0
BRDA:297,53,1,0
BRDA:300,54,0,0
BRDA:302,55,0,0
BRDA:302,55,1,0
BRDA:304,56,0,0
BRDA:304,56,1,0
BRDA:307,57,0,0
BRDA:309,58,0,0
BRDA:309,58,1,0
BRDA:311,59,0,0
BRDA:311,59,1,0
BRDA:315,60,0,0
BRDA:317,61,0,0
BRDA:317,61,1,0
BRDA:319,62,0,0
BRDA:319,62,1,0
BRDA:322,63,0,0
BRDA:324,64,0,0
BRDA:324,64,1,0
BRDA:326,65,0,0
BRDA:326,65,1,0
BRF:110
BRH:0
end_of_record
TN:
SF:E:\blibli\final project\dagoan.in (FE)\dagoan.in\src\views\About.vue
FN:59,(anonymous_1)
FN:62,(anonymous_2)
FN:65,(anonymous_3)
FN:70,(anonymous_4)
FNF:4
FNH:0
FNDA:0,(anonymous_1)
FNDA:0,(anonymous_2)
FNDA:0,(anonymous_3)
FNDA:0,(anonymous_4)
DA:35,0
DA:44,0
DA:60,0
DA:63,0
DA:66,0
DA:71,0
LF:6
LH:0
BRF:0
BRH:0
end_of_record
TN:
SF:E:\blibli\final project\dagoan.in (FE)\dagoan.in\src\views\Chat.vue
FNF:0
FNH:0
DA:1,0
LF:1
LH:0
BRF:0
BRH:0
end_of_record
TN:
SF:E:\blibli\final project\dagoan.in (FE)\dagoan.in\src\views\Home.vue
FNF:0
FNH:0
DA:1,0
DA:2,0
DA:3,0
DA:4,0
DA:13,0
DA:27,0
DA:35,0
LF:7
LH:0
BRF:0
BRH:0
end_of_record
TN:
SF:E:\blibli\final project\dagoan.in (FE)\dagoan.in\src\views\LandingPage.vue
FNF:0
FNH:0
DA:1,0
DA:2,0
DA:3,0
DA:4,0
DA:5,0
LF:5
LH:0
BRF:0
BRH:0
end_of_record
TN:
SF:E:\blibli\final project\dagoan.in (FE)\dagoan.in\src\views\Login.vue
FN:56,(anonymous_1)
FN:62,(anonymous_2)
FNF:2
FNH:0
FNDA:0,(anonymous_1)
FNDA:0,(anonymous_2)
DA:1,0
DA:2,0
DA:3,0
DA:4,0
DA:9,0
DA:10,0
DA:18,0
DA:19,0
DA:21,0
DA:24,0
DA:25,0
DA:27,0
DA:31,0
DA:39,0
DA:45,0
DA:46,0
DA:56,0
DA:57,0
DA:58,0
DA:62,0
DA:63,0
LF:21
LH:0
BRDA:9,0,0,0
BRDA:9,0,1,0
BRDA:9,1,0,0
BRDA:9,1,1,0
BRDA:18,2,0,0
BRDA:18,2,1,0
BRDA:24,3,0,0
BRDA:24,3,1,0
BRDA:40,4,0,0
BRDA:40,4,1,0
BRF:10
BRH:0
end_of_record
TN:
SF:E:\blibli\final project\dagoan.in (FE)\dagoan.in\src\views\Main.vue
FN:7,(anonymous_1)
FN:8,(anonymous_3)
FN:9,(anonymous_5)
FN:10,(anonymous_7)
FN:11,(anonymous_9)
FN:12,(anonymous_11)
FN:65,(anonymous_13)
FN:76,(anonymous_14)
FN:147,(anonymous_16)
FN:163,(anonymous_17)
FNF:10
FNH:0
FNDA:0,(anonymous_1)
FNDA:0,(anonymous_3)
FNDA:0,(anonymous_5)
FNDA:0,(anonymous_7)
FNDA:0,(anonymous_9)
FNDA:0,(anonymous_11)
FNDA:0,(anonymous_13)
FNDA:0,(anonymous_14)
FNDA:0,(anonymous_16)
FNDA:0,(anonymous_17)
DA:1,0
DA:2,0
DA:3,0
DA:4,0
DA:5,0
DA:7,0
DA:8,0
DA:9,0
DA:10,0
DA:11,0
DA:12,0
DA:30,0
DA:31,0
DA:34,0
DA:53,0
DA:56,0
DA:59,0
DA:62,0
DA:65,0
DA:66,0
DA:70,0
DA:73,0
DA:76,0
DA:80,0
DA:98,0
DA:104,0
DA:107,0
DA:115,0
DA:126,0
DA:129,0
DA:134,0
DA:137,0
DA:140,0
DA:141,0
DA:143,0
DA:146,0
DA:147,0
DA:148,0
DA:149,0
DA:151,0
DA:157,0
DA:159,0
DA:160,0
DA:163,0
DA:164,0
DA:165,0
DA:173,0
DA:174,0
DA:175,0
DA:177,0
DA:178,0
DA:183,0
DA:184,0
DA:187,0
DA:188,0
LF:55
LH:0
BRDA:53,0,0,0
BRDA:53,0,1,0
BRDA:56,1,0,0
BRDA:56,1,1,0
BRDA:59,2,0,0
BRDA:59,2,1,0
BRDA:62,3,0,0
BRDA:62,3,1,0
BRDA:70,4,0,0
BRDA:70,4,1,0
BRDA:73,5,0,0
BRDA:73,5,1,0
BRDA:76,6,0,0
BRDA:76,6,1,0
BRDA:134,7,0,0
BRDA:134,7,1,0
BRDA:137,8,0,0
BRDA:137,8,1,0
BRDA:140,9,0,0
BRDA:140,9,1,0
BRDA:141,10,0,0
BRDA:141,10,1,0
BRDA:174,11,0,0
BRDA:174,11,1,0
BRF:24
BRH:0
end_of_record
TN:
SF:E:\blibli\final project\dagoan.in (FE)\dagoan.in\src\views\Reports.vue
FNF:0
FNH:0
DA:1,0
DA:2,0
DA:3,0
DA:4,0
DA:15,0
LF:5
LH:0
BRF:0
BRH:0
end_of_record
TN:
SF:E:\blibli\final project\dagoan.in (FE)\dagoan.in\src\views\Team.vue
FNF:0
FNH:0
DA:1,0
DA:2,0
DA:3,0
DA:4,0
DA:5,0
DA:6,0
DA:17,0
DA:23,0
DA:24,0
DA:32,0
DA:35,0
DA:38,0
DA:41,0
DA:51,0
DA:58,0
DA:64,0
LF:16
LH:0
BRDA:32,0,0,0
BRDA:32,0,1,0
BRDA:35,1,0,0
BRDA:35,1,1,0
BRDA:38,2,0,0
BRDA:38,2,1,0
BRDA:41,3,0,0
BRDA:41,3,1,0
BRF:8
BRH:0
end_of_record
